Flutter crash report.
Please report a bug at https://github.com/flutter/flutter/issues.

## command

flutter --no-color pub get

## exception

FileSystemException: FileSystemException: Deletion failed, path = 'E:\practice\flutter_java_integration\flutter_java_integration\Flutter_Java\counter_flutter\.ios' (OS Error: The directory is not empty.
, errno = 145)

```
#0      _Directory._deleteSync (dart:io/directory_impl.dart:201:7)
#1      FileSystemEntity.deleteSync (dart:io/file_system_entity.dart:408:7)
#2      ForwardingFileSystemEntity.deleteSync (package:file/src/forwarding/forwarding_file_system_entity.dart:70:16)
#3      ErrorHandlingDirectory.deleteSync.<anonymous closure> (package:flutter_tools/src/base/error_handling_io.dart:459:22)
#4      _runSync (package:flutter_tools/src/base/error_handling_io.dart:556:14)
#5      ErrorHandlingDirectory.deleteSync (package:flutter_tools/src/base/error_handling_io.dart:458:12)
#6      _deleteIfExistsSync (package:flutter_tools/src/project.dart:1001:15)
#7      IosProject._regenerateFromTemplateIfNeeded (package:flutter_tools/src/project.dart:654:5)
#8      IosProject.ensureReadyForPlatformSpecificTooling (package:flutter_tools/src/project.dart:605:11)
#9      FlutterProject.ensureReadyForPlatformSpecificTooling (package:flutter_tools/src/project.dart:278:17)
<asynchronous suspension>
#10     PackagesGetCommand.runCommand (package:flutter_tools/src/commands/packages.dart:164:5)
<asynchronous suspension>
#11     FlutterCommand.verifyThenRunCommand (package:flutter_tools/src/runner/flutter_command.dart:1157:12)
<asynchronous suspension>
#12     FlutterCommand.run.<anonymous closure> (package:flutter_tools/src/runner/flutter_command.dart:1009:27)
<asynchronous suspension>
#13     AppContext.run.<anonymous closure> (package:flutter_tools/src/base/context.dart:150:19)
<asynchronous suspension>
#14     AppContext.run (package:flutter_tools/src/base/context.dart:149:12)
<asynchronous suspension>
#15     CommandRunner.runCommand (package:args/command_runner.dart:197:13)
<asynchronous suspension>
#16     FlutterCommandRunner.runCommand.<anonymous closure> (package:flutter_tools/src/runner/flutter_command_runner.dart:278:9)
<asynchronous suspension>
#17     AppContext.run.<anonymous closure> (package:flutter_tools/src/base/context.dart:150:19)
<asynchronous suspension>
#18     AppContext.run (package:flutter_tools/src/base/context.dart:149:12)
<asynchronous suspension>
#19     FlutterCommandRunner.runCommand (package:flutter_tools/src/runner/flutter_command_runner.dart:234:5)
<asynchronous suspension>
#20     run.<anonymous closure>.<anonymous closure> (package:flutter_tools/runner.dart:64:9)
<asynchronous suspension>
#21     run.<anonymous closure> (package:flutter_tools/runner.dart:62:12)
<asynchronous suspension>
#22     AppContext.run.<anonymous closure> (package:flutter_tools/src/base/context.dart:150:19)
<asynchronous suspension>
#23     AppContext.run (package:flutter_tools/src/base/context.dart:149:12)
<asynchronous suspension>
#24     runInContext (package:flutter_tools/src/context_runner.dart:73:10)
<asynchronous suspension>
#25     main (package:flutter_tools/executable.dart:90:3)
<asynchronous suspension>
```

## flutter doctor

```
[✓] Flutter (Channel beta, 2.0.1, on Microsoft Windows [Version 10.0.18362.1256], locale en-US)
    • Flutter version 2.0.1 at C:\flutter
    • Framework revision c5a4b4029c (5 days ago), 2021-03-04 09:47:48 -0800
    • Engine revision 40441def69
    • Dart version 2.12.0

[!] Android toolchain - develop for Android devices (Android SDK version 30.0.3)
    • Android SDK at E:\android\sdk
    • Platform android-30, build-tools 30.0.3
    • ANDROID_HOME = E:\android\sdk
    • Java binary at: C:\Program Files\Android\jre\bin\java
    • Java version OpenJDK Runtime Environment (build 1.8.0_242-release-1644-b01)
    ! Some Android licenses not accepted.  To resolve this, run: flutter doctor --android-licenses

[✓] Chrome - develop for the web
    • Chrome at C:\Program Files (x86)\Google\Chrome\Application\chrome.exe

[✓] Android Studio (version 4.0)
    • Android Studio at C:\Program Files\Android
    • Flutter plugin version 50.0.1
    • Dart plugin version 193.7547
    • Java version OpenJDK Runtime Environment (build 1.8.0_242-release-1644-b01)

[✓] Connected device (3 available)
    • Android SDK built for x86 64 (mobile) • emulator-5554 • android-x64    • Android 10 (API 29) (emulator)
    • Chrome (web)                          • chrome        • web-javascript • Google Chrome 88.0.4324.190
    • Edge (web)                            • edge          • web-javascript • Microsoft Edge 88.0.705.53

! Doctor found issues in 1 category.
```
